+ set -euo pipefail
+ REPO_DIR=/Users/yuihyeon/Navi
+ BRANCH=main
+ SERVER_USER=opc
+ SERVER_HOST=161.33.167.129
+ SERVER_PORT=22
+ SERVER_DEPLOY_SCRIPT='~/deploy.sh'
+ cd /Users/yuihyeon/Navi
+ echo '==[1/6] 변경사항 확인'
==[1/6] 변경사항 확인
+ git status -sb
## main...origin/main [ahead 1]
 M deploy_local.log
+ git diff --quiet
+ echo '==[2/6] add'
==[2/6] add
+ git add -A
+ echo '==[3/6] commit'
==[3/6] commit
++ date '+%Y-%m-%d %H:%M:%S'
+ MSG='chore: deploy 2025-12-23 23:51:32'
+ git commit -m 'chore: deploy 2025-12-23 23:51:32'
[main ad52c2c] chore: deploy 2025-12-23 23:51:32
 1 file changed, 5 insertions(+), 9 deletions(-)
+ echo '==[4/6] push origin/main'
==[4/6] push origin/main
+ git push origin main
ERROR: Permission to dbdlgus2-dot/Navi.git denied to deploy key
fatal: Could not read from remote repository.

Please make sure you have the correct access rights
and the repository exists.
